<?xml version="1.0" encoding="UTF-8"?>
<testsuite errors="0" failures="2" hostname="kiyoshiro-Air.local" name="TestSample" tests="2" time="0.488" timestamp="2012-02-24T20:23:08">
  <properties />
  <testcase classname="TestSample" name="JavaScript Spock Sample" time="0.385">
    <failure message="Condition not satisfied:&#xa;&#xa;run(&apos;greet&apos;, name) == greet&#xa;|            |     |  |&#xa;|            Rhino |  Hello!! Spock&#xa;Hello!! Rhino      false&#xa;                   5 differences (61% similarity)&#xa;                   Hello!! (Rhino)&#xa;                   Hello!! (Spock)&#xa;" type="org.spockframework.runtime.SpockComparisonFailure">Condition not satisfied:

run(&apos;greet&apos;, name) == greet
|            |     |  |
|            Rhino |  Hello!! Spock
Hello!! Rhino      false
                   5 differences (61% similarity)
                   Hello!! (Rhino)
                   Hello!! (Spock)

	at TestSample.JavaScript Spock Sample(testsample.groovy:9)
</failure>
  </testcase>
  <testcase classname="TestSample" name="two args function" time="0.048">
    <failure message="Condition not satisfied:&#xa;&#xa;run(&apos;twoArgs&apos;, [one, two]) == result&#xa;|               |    |     |  |&#xa;5.0             2    3     |  4&#xa;                           false&#xa;" type="org.spockframework.runtime.SpockComparisonFailure">Condition not satisfied:

run(&apos;twoArgs&apos;, [one, two]) == result
|               |    |     |  |
5.0             2    3     |  4
                           false

	at TestSample.two args function(testsample.groovy:17)
</failure>
  </testcase>
  <system-out><![CDATA[]]></system-out>
  <system-err><![CDATA[]]></system-err>
</testsuite>
